<?xml version="1.0" encoding="UTF-8"?>
<!-- Generated by org.testng.reporters.JUnitReportReporter -->
<testsuite skipped="0" hostname="Almahmud" name="TestNG.TestingSitebeam" tests="2" failures="0" timestamp="11 Jun 2017 14:20:49 GMT" time="113.764" errors="0">
  <testcase name="test" time="62.396" classname="TestNG.TestingSitebeam"/>
  <testcase name="openBrowser" time="51.368" classname="TestNG.TestingSitebeam"/>
</testsuite> <!-- TestNG.TestingSitebeam -->
