<?xml version="1.0" encoding="UTF-8"?>
<!-- Generated by org.testng.reporters.JUnitReportReporter -->
<testsuite skipped="0" hostname="Almahmud" name="TestNG.TestingFacebook" tests="2" failures="0" timestamp="11 Jun 2017 14:20:49 GMT" time="29.987" errors="0">
  <testcase name="loginTOFacebook" time="16.416" classname="TestNG.TestingFacebook"/>
  <testcase name="openBrowser" time="13.571" classname="TestNG.TestingFacebook"/>
</testsuite> <!-- TestNG.TestingFacebook -->
