<?xml version="1.0" encoding="UTF-8"?>
<!-- Generated by org.testng.reporters.JUnitReportReporter -->
<testsuite skipped="0" hostname="Almahmud" name="TestNG.TestingACM" tests="1" failures="0" timestamp="09 Jun 2017 19:56:25 GMT" time="40.017" errors="0">
  <testcase name="openBrowser" time="40.017" classname="TestNG.TestingACM"/>
</testsuite> <!-- TestNG.TestingACM -->
