<?xml version="1.0" encoding="UTF-8"?>
<!-- Generated by org.testng.reporters.JUnitReportReporter -->
<testsuite skipped="0" hostname="Almahmud" name="TestNG.TestingIEEE" tests="2" failures="0" timestamp="09 Jun 2017 19:36:44 GMT" time="53.634" errors="0">
  <testcase name="IEEEHome" time="0.007" classname="TestNG.TestingIEEE"/>
  <testcase name="openBrowser" time="53.627" classname="TestNG.TestingIEEE"/>
</testsuite> <!-- TestNG.TestingIEEE -->
