<?xml version="1.0" encoding="UTF-8"?>
<!-- Generated by org.testng.reporters.JUnitReportReporter -->
<testsuite skipped="0" hostname="Almahmud" name="TestNG.TestingW3Schools" tests="3" failures="0" timestamp="11 Jun 2017 14:20:49 GMT" time="69.566" errors="0">
  <testcase name="openBrowser" time="14.787" classname="TestNG.TestingW3Schools"/>
  <testcase name="viewColors" time="15.695" classname="TestNG.TestingW3Schools"/>
  <testcase name="viewTutorials" time="39.084" classname="TestNG.TestingW3Schools"/>
</testsuite> <!-- TestNG.TestingW3Schools -->
